<?xml version="1.0" encoding="UTF-8"?>
<testsuite xmlns:xsi="http://www.w3.org/2001/XMLSchema-instance" xsi:noNamespaceSchemaLocation="https://maven.apache.org/surefire/maven-surefire-plugin/xsd/surefire-test-report.xsd" name="org.example.IntegralSolverTest" time="11.216" tests="7" errors="0" skipped="0" failures="0">
  <properties>
[...]
</properties>
  <testcase name="testConstantFunction" classname="org.example.IntegralSolverTest" time="0.08"/>
  <testcase name="testResearchFunctionWithHighLimits" classname="org.example.IntegralSolverTest" time="9.321"/>
  <testcase name="testSquareFunction" classname="org.example.IntegralSolverTest" time="0.014"/>
  <testcase name="testInvalidLimits" classname="org.example.IntegralSolverTest" time="0.006"/>
  <testcase name="testSimpleFunction" classname="org.example.IntegralSolverTest" time="1.706"/>
  <testcase name="testSameLimits" classname="org.example.IntegralSolverTest" time="0"/>
  <testcase name="testResearchFunction" classname="org.example.IntegralSolverTest" time="0.041"/>
</testsuite>